ARM GAS  C:\Users\usuario\AppData\Local\Temp\ccMI54Wd.s 			page 1


   1              		.syntax unified
   2              		.cpu cortex-m3
   3              		.fpu softvfp
   4              		.eabi_attribute 20, 1
   5              		.eabi_attribute 21, 1
   6              		.eabi_attribute 23, 3
   7              		.eabi_attribute 24, 1
   8              		.eabi_attribute 25, 1
   9              		.eabi_attribute 26, 1
  10              		.eabi_attribute 30, 1
  11              		.eabi_attribute 34, 1
  12              		.eabi_attribute 18, 4
  13              		.thumb
  14              		.syntax unified
  15              		.file	"cymetadata.c"
  16              		.text
  17              	.Ltext0:
  18              		.cfi_sections	.debug_frame
  19              		.global	cy_metadata
  20              		.global	cy_meta_flashprotect
  21              		.global	cy_meta_wonvl
  22              		.global	cy_meta_custnvl
  23              		.global	cy_meta_configecc
  24              		.section	.cyconfigecc,"a",%progbits
  25              		.align	2
  26              		.type	cy_meta_configecc, %object
  27              		.size	cy_meta_configecc, 776
  28              	cy_meta_configecc:
  29 0000 03       		.byte	3
  30 0001 64       		.byte	100
  31 0002 00       		.byte	0
  32 0003 40       		.byte	64
  33 0004 01       		.byte	1
  34 0005 03       		.byte	3
  35 0006 01       		.byte	1
  36 0007 40       		.byte	64
  37 0008 02       		.byte	2
  38 0009 09       		.byte	9
  39 000a 01       		.byte	1
  40 000b 40       		.byte	64
  41 000c 4B       		.byte	75
  42 000d 0A       		.byte	10
  43 000e 01       		.byte	1
  44 000f 40       		.byte	64
  45 0010 42       		.byte	66
  46 0011 0B       		.byte	11
  47 0012 01       		.byte	1
  48 0013 40       		.byte	64
  49 0014 49       		.byte	73
  50 0015 0C       		.byte	12
  51 0016 01       		.byte	1
  52 0017 40       		.byte	64
  53 0018 36       		.byte	54
  54 0019 0D       		.byte	13
  55 001a 01       		.byte	1
  56 001b 40       		.byte	64
  57 001c 01       		.byte	1
ARM GAS  C:\Users\usuario\AppData\Local\Temp\ccMI54Wd.s 			page 2


  58 001d 15       		.byte	21
  59 001e 01       		.byte	1
  60 001f 40       		.byte	64
  61 0020 01       		.byte	1
  62 0021 1B       		.byte	27
  63 0022 01       		.byte	1
  64 0023 40       		.byte	64
  65 0024 02       		.byte	2
  66 0025 40       		.byte	64
  67 0026 01       		.byte	1
  68 0027 40       		.byte	64
  69 0028 03       		.byte	3
  70 0029 41       		.byte	65
  71 002a 01       		.byte	1
  72 002b 40       		.byte	64
  73 002c 02       		.byte	2
  74 002d 42       		.byte	66
  75 002e 01       		.byte	1
  76 002f 40       		.byte	64
  77 0030 01       		.byte	1
  78 0031 43       		.byte	67
  79 0032 01       		.byte	1
  80 0033 40       		.byte	64
  81 0034 03       		.byte	3
  82 0035 44       		.byte	68
  83 0036 01       		.byte	1
  84 0037 40       		.byte	64
  85 0038 05       		.byte	5
  86 0039 45       		.byte	69
  87 003a 01       		.byte	1
  88 003b 40       		.byte	64
  89 003c 04       		.byte	4
  90 003d 46       		.byte	70
  91 003e 01       		.byte	1
  92 003f 40       		.byte	64
  93 0040 03       		.byte	3
  94 0041 47       		.byte	71
  95 0042 01       		.byte	1
  96 0043 40       		.byte	64
  97 0044 01       		.byte	1
  98 0045 48       		.byte	72
  99 0046 01       		.byte	1
 100 0047 40       		.byte	64
 101 0048 02       		.byte	2
 102 0049 49       		.byte	73
 103 004a 01       		.byte	1
 104 004b 40       		.byte	64
 105 004c 08       		.byte	8
 106 004d 4C       		.byte	76
 107 004e 01       		.byte	1
 108 004f 40       		.byte	64
 109 0050 06       		.byte	6
 110 0051 4D       		.byte	77
 111 0052 01       		.byte	1
 112 0053 40       		.byte	64
 113 0054 03       		.byte	3
 114 0055 50       		.byte	80
ARM GAS  C:\Users\usuario\AppData\Local\Temp\ccMI54Wd.s 			page 3


 115 0056 01       		.byte	1
 116 0057 40       		.byte	64
 117 0058 02       		.byte	2
 118 0059 51       		.byte	81
 119 005a 01       		.byte	1
 120 005b 40       		.byte	64
 121 005c 8B       		.byte	-117
 122 005d 72       		.byte	114
 123 005e 8C       		.byte	-116
 124 005f 38       		.byte	56
 125 0060 8D       		.byte	-115
 126 0061 0D       		.byte	13
 127 0062 E6       		.byte	-26
 128 0063 02       		.byte	2
 129 0064 B1       		.byte	-79
 130 0065 21       		.byte	33
 131 0066 B2       		.byte	-78
 132 0067 02       		.byte	2
 133 0068 02       		.byte	2
 134 0069 02       		.byte	2
 135 006a 06       		.byte	6
 136 006b 04       		.byte	4
 137 006c 14       		.byte	20
 138 006d 01       		.byte	1
 139 006e 1A       		.byte	26
 140 006f 04       		.byte	4
 141 0070 1C       		.byte	28
 142 0071 01       		.byte	1
 143 0072 28       		.byte	40
 144 0073 01       		.byte	1
 145 0074 32       		.byte	50
 146 0075 04       		.byte	4
 147 0076 34       		.byte	52
 148 0077 01       		.byte	1
 149 0078 36       		.byte	54
 150 0079 02       		.byte	2
 151 007a 3E       		.byte	62
 152 007b 04       		.byte	4
 153 007c 58       		.byte	88
 154 007d 04       		.byte	4
 155 007e 5F       		.byte	95
 156 007f 01       		.byte	1
 157 0080 81       		.byte	-127
 158 0081 22       		.byte	34
 159 0082 83       		.byte	-125
 160 0083 51       		.byte	81
 161 0084 84       		.byte	-124
 162 0085 02       		.byte	2
 163 0086 85       		.byte	-123
 164 0087 67       		.byte	103
 165 0088 88       		.byte	-120
 166 0089 33       		.byte	51
 167 008a 8A       		.byte	-118
 168 008b 0C       		.byte	12
 169 008c 8C       		.byte	-116
 170 008d 01       		.byte	1
 171 008e 8F       		.byte	-113
ARM GAS  C:\Users\usuario\AppData\Local\Temp\ccMI54Wd.s 			page 4


 172 008f 80       		.byte	-128
 173 0090 90       		.byte	-112
 174 0091 1C       		.byte	28
 175 0092 92       		.byte	-110
 176 0093 23       		.byte	35
 177 0094 95       		.byte	-107
 178 0095 01       		.byte	1
 179 0096 96       		.byte	-106
 180 0097 23       		.byte	35
 181 0098 97       		.byte	-105
 182 0099 0E       		.byte	14
 183 009a 98       		.byte	-104
 184 009b 3F       		.byte	63
 185 009c 99       		.byte	-103
 186 009d 44       		.byte	68
 187 009e 9B       		.byte	-101
 188 009f 31       		.byte	49
 189 00a0 9C       		.byte	-100
 190 00a1 1F       		.byte	31
 191 00a2 9E       		.byte	-98
 192 00a3 20       		.byte	32
 193 00a4 A0       		.byte	-96
 194 00a5 04       		.byte	4
 195 00a6 A4       		.byte	-92
 196 00a7 03       		.byte	3
 197 00a8 A7       		.byte	-89
 198 00a9 80       		.byte	-128
 199 00aa A8       		.byte	-88
 200 00ab 0C       		.byte	12
 201 00ac A9       		.byte	-87
 202 00ad 67       		.byte	103
 203 00ae AC       		.byte	-84
 204 00af 08       		.byte	8
 205 00b0 B0       		.byte	-80
 206 00b1 10       		.byte	16
 207 00b2 B1       		.byte	-79
 208 00b3 18       		.byte	24
 209 00b4 B2       		.byte	-78
 210 00b5 0F       		.byte	15
 211 00b6 B3       		.byte	-77
 212 00b7 60       		.byte	96
 213 00b8 B5       		.byte	-75
 214 00b9 07       		.byte	7
 215 00ba B6       		.byte	-74
 216 00bb 2C       		.byte	44
 217 00bc B7       		.byte	-73
 218 00bd 80       		.byte	-128
 219 00be BA       		.byte	-70
 220 00bf A8       		.byte	-88
 221 00c0 BE       		.byte	-66
 222 00c1 01       		.byte	1
 223 00c2 BF       		.byte	-65
 224 00c3 41       		.byte	65
 225 00c4 C0       		.byte	-64
 226 00c5 36       		.byte	54
 227 00c6 C1       		.byte	-63
 228 00c7 02       		.byte	2
ARM GAS  C:\Users\usuario\AppData\Local\Temp\ccMI54Wd.s 			page 5


 229 00c8 C2       		.byte	-62
 230 00c9 04       		.byte	4
 231 00ca C4       		.byte	-60
 232 00cb 05       		.byte	5
 233 00cc C6       		.byte	-58
 234 00cd EC       		.byte	-20
 235 00ce C8       		.byte	-56
 236 00cf 0C       		.byte	12
 237 00d0 C9       		.byte	-55
 238 00d1 FF       		.byte	-1
 239 00d2 CA       		.byte	-54
 240 00d3 FF       		.byte	-1
 241 00d4 CB       		.byte	-53
 242 00d5 FF       		.byte	-1
 243 00d6 CC       		.byte	-52
 244 00d7 62       		.byte	98
 245 00d8 CD       		.byte	-51
 246 00d9 A0       		.byte	-96
 247 00da CE       		.byte	-50
 248 00db F0       		.byte	-16
 249 00dc CF       		.byte	-49
 250 00dd 41       		.byte	65
 251 00de D0       		.byte	-48
 252 00df 0C       		.byte	12
 253 00e0 D6       		.byte	-42
 254 00e1 02       		.byte	2
 255 00e2 D7       		.byte	-41
 256 00e3 10       		.byte	16
 257 00e4 D8       		.byte	-40
 258 00e5 04       		.byte	4
 259 00e6 D9       		.byte	-39
 260 00e7 04       		.byte	4
 261 00e8 DA       		.byte	-38
 262 00e9 04       		.byte	4
 263 00ea DB       		.byte	-37
 264 00eb 04       		.byte	4
 265 00ec DF       		.byte	-33
 266 00ed 01       		.byte	1
 267 00ee E6       		.byte	-26
 268 00ef 40       		.byte	64
 269 00f0 E7       		.byte	-25
 270 00f1 02       		.byte	2
 271 00f2 E9       		.byte	-23
 272 00f3 10       		.byte	16
 273 00f4 EA       		.byte	-22
 274 00f5 30       		.byte	48
 275 00f6 EB       		.byte	-21
 276 00f7 10       		.byte	16
 277 00f8 ED       		.byte	-19
 278 00f9 10       		.byte	16
 279 00fa EE       		.byte	-18
 280 00fb 10       		.byte	16
 281 00fc EF       		.byte	-17
 282 00fd 12       		.byte	18
 283 00fe 00       		.byte	0
 284 00ff 04       		.byte	4
 285 0100 01       		.byte	1
ARM GAS  C:\Users\usuario\AppData\Local\Temp\ccMI54Wd.s 			page 6


 286 0101 01       		.byte	1
 287 0102 04       		.byte	4
 288 0103 10       		.byte	16
 289 0104 06       		.byte	6
 290 0105 02       		.byte	2
 291 0106 07       		.byte	7
 292 0107 10       		.byte	16
 293 0108 09       		.byte	9
 294 0109 44       		.byte	68
 295 010a 0B       		.byte	11
 296 010b 04       		.byte	4
 297 010c 0E       		.byte	14
 298 010d 4A       		.byte	74
 299 010e 0F       		.byte	15
 300 010f 20       		.byte	32
 301 0110 10       		.byte	16
 302 0111 08       		.byte	8
 303 0112 15       		.byte	21
 304 0113 02       		.byte	2
 305 0114 16       		.byte	22
 306 0115 01       		.byte	1
 307 0116 17       		.byte	23
 308 0117 24       		.byte	36
 309 0118 19       		.byte	25
 310 0119 08       		.byte	8
 311 011a 1A       		.byte	26
 312 011b 01       		.byte	1
 313 011c 1B       		.byte	27
 314 011d 10       		.byte	16
 315 011e 1C       		.byte	28
 316 011f 13       		.byte	19
 317 0120 1D       		.byte	29
 318 0121 28       		.byte	40
 319 0122 1E       		.byte	30
 320 0123 8A       		.byte	-118
 321 0124 26       		.byte	38
 322 0125 02       		.byte	2
 323 0126 27       		.byte	39
 324 0127 15       		.byte	21
 325 0128 2C       		.byte	44
 326 0129 08       		.byte	8
 327 012a 2F       		.byte	47
 328 012b 10       		.byte	16
 329 012c 37       		.byte	55
 330 012d 14       		.byte	20
 331 012e 3D       		.byte	61
 332 012f 09       		.byte	9
 333 0130 3E       		.byte	62
 334 0131 02       		.byte	2
 335 0132 3F       		.byte	63
 336 0133 80       		.byte	-128
 337 0134 42       		.byte	66
 338 0135 80       		.byte	-128
 339 0136 43       		.byte	67
 340 0137 01       		.byte	1
 341 0138 44       		.byte	68
 342 0139 80       		.byte	-128
ARM GAS  C:\Users\usuario\AppData\Local\Temp\ccMI54Wd.s 			page 7


 343 013a 45       		.byte	69
 344 013b 28       		.byte	40
 345 013c 4E       		.byte	78
 346 013d 02       		.byte	2
 347 013e 4F       		.byte	79
 348 013f 20       		.byte	32
 349 0140 57       		.byte	87
 350 0141 60       		.byte	96
 351 0142 5E       		.byte	94
 352 0143 80       		.byte	-128
 353 0144 6C       		.byte	108
 354 0145 08       		.byte	8
 355 0146 6D       		.byte	109
 356 0147 88       		.byte	-120
 357 0148 75       		.byte	117
 358 0149 20       		.byte	32
 359 014a 76       		.byte	118
 360 014b 01       		.byte	1
 361 014c 77       		.byte	119
 362 014d 28       		.byte	40
 363 014e 88       		.byte	-120
 364 014f 01       		.byte	1
 365 0150 89       		.byte	-119
 366 0151 08       		.byte	8
 367 0152 90       		.byte	-112
 368 0153 04       		.byte	4
 369 0154 92       		.byte	-110
 370 0155 40       		.byte	64
 371 0156 93       		.byte	-109
 372 0157 24       		.byte	36
 373 0158 94       		.byte	-108
 374 0159 11       		.byte	17
 375 015a 95       		.byte	-107
 376 015b 01       		.byte	1
 377 015c 96       		.byte	-106
 378 015d 01       		.byte	1
 379 015e 98       		.byte	-104
 380 015f 80       		.byte	-128
 381 0160 9C       		.byte	-100
 382 0161 01       		.byte	1
 383 0162 9D       		.byte	-99
 384 0163 08       		.byte	8
 385 0164 9E       		.byte	-98
 386 0165 81       		.byte	-127
 387 0166 9F       		.byte	-97
 388 0167 3C       		.byte	60
 389 0168 A4       		.byte	-92
 390 0169 01       		.byte	1
 391 016a A6       		.byte	-90
 392 016b 04       		.byte	4
 393 016c A7       		.byte	-89
 394 016d 30       		.byte	48
 395 016e B3       		.byte	-77
 396 016f 08       		.byte	8
 397 0170 C0       		.byte	-64
 398 0171 EC       		.byte	-20
 399 0172 C2       		.byte	-62
ARM GAS  C:\Users\usuario\AppData\Local\Temp\ccMI54Wd.s 			page 8


 400 0173 F7       		.byte	-9
 401 0174 C4       		.byte	-60
 402 0175 F2       		.byte	-14
 403 0176 CA       		.byte	-54
 404 0177 60       		.byte	96
 405 0178 CC       		.byte	-52
 406 0179 60       		.byte	96
 407 017a CE       		.byte	-50
 408 017b D0       		.byte	-48
 409 017c D0       		.byte	-48
 410 017d E0       		.byte	-32
 411 017e D2       		.byte	-46
 412 017f 30       		.byte	48
 413 0180 D6       		.byte	-42
 414 0181 10       		.byte	16
 415 0182 00       		.byte	0
 416 0183 1C       		.byte	28
 417 0184 02       		.byte	2
 418 0185 E1       		.byte	-31
 419 0186 03       		.byte	3
 420 0187 01       		.byte	1
 421 0188 04       		.byte	4
 422 0189 18       		.byte	24
 423 018a 08       		.byte	8
 424 018b 08       		.byte	8
 425 018c 09       		.byte	9
 426 018d 01       		.byte	1
 427 018e 0C       		.byte	12
 428 018f 3C       		.byte	60
 429 0190 0E       		.byte	14
 430 0191 C2       		.byte	-62
 431 0192 10       		.byte	16
 432 0193 E7       		.byte	-25
 433 0194 12       		.byte	18
 434 0195 18       		.byte	24
 435 0196 15       		.byte	21
 436 0197 01       		.byte	1
 437 0198 16       		.byte	22
 438 0199 E3       		.byte	-29
 439 019a 18       		.byte	24
 440 019b FF       		.byte	-1
 441 019c 1E       		.byte	30
 442 019d 04       		.byte	4
 443 019e 1F       		.byte	31
 444 019f 02       		.byte	2
 445 01a0 20       		.byte	32
 446 01a1 44       		.byte	68
 447 01a2 24       		.byte	36
 448 01a3 C0       		.byte	-64
 449 01a4 27       		.byte	39
 450 01a5 02       		.byte	2
 451 01a6 28       		.byte	40
 452 01a7 80       		.byte	-128
 453 01a8 2C       		.byte	44
 454 01a9 10       		.byte	16
 455 01aa 2F       		.byte	47
 456 01ab 01       		.byte	1
ARM GAS  C:\Users\usuario\AppData\Local\Temp\ccMI54Wd.s 			page 9


 457 01ac 30       		.byte	48
 458 01ad 1F       		.byte	31
 459 01ae 31       		.byte	49
 460 01af 01       		.byte	1
 461 01b0 33       		.byte	51
 462 01b1 02       		.byte	2
 463 01b2 34       		.byte	52
 464 01b3 38       		.byte	56
 465 01b4 36       		.byte	54
 466 01b5 C0       		.byte	-64
 467 01b6 39       		.byte	57
 468 01b7 02       		.byte	2
 469 01b8 3A       		.byte	58
 470 01b9 02       		.byte	2
 471 01ba 3F       		.byte	63
 472 01bb 04       		.byte	4
 473 01bc 54       		.byte	84
 474 01bd 18       		.byte	24
 475 01be 56       		.byte	86
 476 01bf 04       		.byte	4
 477 01c0 58       		.byte	88
 478 01c1 04       		.byte	4
 479 01c2 59       		.byte	89
 480 01c3 04       		.byte	4
 481 01c4 5B       		.byte	91
 482 01c5 04       		.byte	4
 483 01c6 5F       		.byte	95
 484 01c7 01       		.byte	1
 485 01c8 86       		.byte	-122
 486 01c9 01       		.byte	1
 487 01ca 8D       		.byte	-115
 488 01cb 01       		.byte	1
 489 01cc 92       		.byte	-110
 490 01cd 02       		.byte	2
 491 01ce 97       		.byte	-105
 492 01cf 01       		.byte	1
 493 01d0 AA       		.byte	-86
 494 01d1 05       		.byte	5
 495 01d2 B0       		.byte	-80
 496 01d3 04       		.byte	4
 497 01d4 B2       		.byte	-78
 498 01d5 01       		.byte	1
 499 01d6 B4       		.byte	-76
 500 01d7 02       		.byte	2
 501 01d8 B7       		.byte	-73
 502 01d9 01       		.byte	1
 503 01da C0       		.byte	-64
 504 01db 20       		.byte	32
 505 01dc C1       		.byte	-63
 506 01dd 06       		.byte	6
 507 01de C5       		.byte	-59
 508 01df D2       		.byte	-46
 509 01e0 C7       		.byte	-57
 510 01e1 01       		.byte	1
 511 01e2 C8       		.byte	-56
 512 01e3 13       		.byte	19
 513 01e4 C9       		.byte	-55
ARM GAS  C:\Users\usuario\AppData\Local\Temp\ccMI54Wd.s 			page 10


 514 01e5 FF       		.byte	-1
 515 01e6 CA       		.byte	-54
 516 01e7 FF       		.byte	-1
 517 01e8 CB       		.byte	-53
 518 01e9 FF       		.byte	-1
 519 01ea CD       		.byte	-51
 520 01eb A0       		.byte	-96
 521 01ec CF       		.byte	-49
 522 01ed 04       		.byte	4
 523 01ee D0       		.byte	-48
 524 01ef 18       		.byte	24
 525 01f0 D2       		.byte	-46
 526 01f1 80       		.byte	-128
 527 01f2 D4       		.byte	-44
 528 01f3 05       		.byte	5
 529 01f4 D8       		.byte	-40
 530 01f5 04       		.byte	4
 531 01f6 D9       		.byte	-39
 532 01f7 04       		.byte	4
 533 01f8 DA       		.byte	-38
 534 01f9 04       		.byte	4
 535 01fa DB       		.byte	-37
 536 01fb 04       		.byte	4
 537 01fc DC       		.byte	-36
 538 01fd 11       		.byte	17
 539 01fe DD       		.byte	-35
 540 01ff 11       		.byte	17
 541 0200 DF       		.byte	-33
 542 0201 01       		.byte	1
 543 0202 E0       		.byte	-32
 544 0203 40       		.byte	64
 545 0204 E2       		.byte	-30
 546 0205 C0       		.byte	-64
 547 0206 E4       		.byte	-28
 548 0207 40       		.byte	64
 549 0208 E5       		.byte	-27
 550 0209 40       		.byte	64
 551 020a E6       		.byte	-26
 552 020b C0       		.byte	-64
 553 020c E8       		.byte	-24
 554 020d C0       		.byte	-64
 555 020e EA       		.byte	-22
 556 020f C0       		.byte	-64
 557 0210 EC       		.byte	-20
 558 0211 C0       		.byte	-64
 559 0212 EE       		.byte	-18
 560 0213 C0       		.byte	-64
 561 0214 00       		.byte	0
 562 0215 04       		.byte	4
 563 0216 04       		.byte	4
 564 0217 01       		.byte	1
 565 0218 05       		.byte	5
 566 0219 80       		.byte	-128
 567 021a 07       		.byte	7
 568 021b 28       		.byte	40
 569 021c 09       		.byte	9
 570 021d 02       		.byte	2
ARM GAS  C:\Users\usuario\AppData\Local\Temp\ccMI54Wd.s 			page 11


 571 021e 0C       		.byte	12
 572 021f 01       		.byte	1
 573 0220 0E       		.byte	14
 574 0221 09       		.byte	9
 575 0222 0F       		.byte	15
 576 0223 20       		.byte	32
 577 0224 10       		.byte	16
 578 0225 08       		.byte	8
 579 0226 15       		.byte	21
 580 0227 01       		.byte	1
 581 0228 16       		.byte	22
 582 0229 01       		.byte	1
 583 022a 17       		.byte	23
 584 022b 14       		.byte	20
 585 022c 18       		.byte	24
 586 022d 44       		.byte	68
 587 022e 1B       		.byte	27
 588 022f 08       		.byte	8
 589 0230 1E       		.byte	30
 590 0231 42       		.byte	66
 591 0232 1F       		.byte	31
 592 0233 10       		.byte	16
 593 0234 22       		.byte	34
 594 0235 40       		.byte	64
 595 0236 25       		.byte	37
 596 0237 08       		.byte	8
 597 0238 27       		.byte	39
 598 0239 80       		.byte	-128
 599 023a 2D       		.byte	45
 600 023b 80       		.byte	-128
 601 023c 2E       		.byte	46
 602 023d 40       		.byte	64
 603 023e 2F       		.byte	47
 604 023f 20       		.byte	32
 605 0240 30       		.byte	48
 606 0241 08       		.byte	8
 607 0242 36       		.byte	54
 608 0243 04       		.byte	4
 609 0244 37       		.byte	55
 610 0245 80       		.byte	-128
 611 0246 38       		.byte	56
 612 0247 40       		.byte	64
 613 0248 3C       		.byte	60
 614 0249 12       		.byte	18
 615 024a 40       		.byte	64
 616 024b 04       		.byte	4
 617 024c 45       		.byte	69
 618 024d 08       		.byte	8
 619 024e 46       		.byte	70
 620 024f 20       		.byte	32
 621 0250 49       		.byte	73
 622 0251 11       		.byte	17
 623 0252 4B       		.byte	75
 624 0253 04       		.byte	4
 625 0254 50       		.byte	80
 626 0255 08       		.byte	8
 627 0256 59       		.byte	89
ARM GAS  C:\Users\usuario\AppData\Local\Temp\ccMI54Wd.s 			page 12


 628 0257 09       		.byte	9
 629 0258 5A       		.byte	90
 630 0259 80       		.byte	-128
 631 025a 5E       		.byte	94
 632 025b 02       		.byte	2
 633 025c 61       		.byte	97
 634 025d 10       		.byte	16
 635 025e 63       		.byte	99
 636 025f 04       		.byte	4
 637 0260 66       		.byte	102
 638 0261 A0       		.byte	-96
 639 0262 67       		.byte	103
 640 0263 40       		.byte	64
 641 0264 71       		.byte	113
 642 0265 02       		.byte	2
 643 0266 87       		.byte	-121
 644 0267 40       		.byte	64
 645 0268 88       		.byte	-120
 646 0269 80       		.byte	-128
 647 026a 8B       		.byte	-117
 648 026b 10       		.byte	16
 649 026c C0       		.byte	-64
 650 026d F4       		.byte	-12
 651 026e C2       		.byte	-62
 652 026f F8       		.byte	-8
 653 0270 C4       		.byte	-60
 654 0271 F2       		.byte	-14
 655 0272 CA       		.byte	-54
 656 0273 50       		.byte	80
 657 0274 CC       		.byte	-52
 658 0275 52       		.byte	82
 659 0276 CE       		.byte	-50
 660 0277 A8       		.byte	-88
 661 0278 D0       		.byte	-48
 662 0279 04       		.byte	4
 663 027a D2       		.byte	-46
 664 027b 04       		.byte	4
 665 027c D6       		.byte	-42
 666 027d 8B       		.byte	-117
 667 027e D8       		.byte	-40
 668 027f B0       		.byte	-80
 669 0280 EA       		.byte	-22
 670 0281 01       		.byte	1
 671 0282 EA       		.byte	-22
 672 0283 01       		.byte	1
 673 0284 32       		.byte	50
 674 0285 20       		.byte	32
 675 0286 CC       		.byte	-52
 676 0287 10       		.byte	16
 677 0288 86       		.byte	-122
 678 0289 20       		.byte	32
 679 028a A6       		.byte	-90
 680 028b 20       		.byte	32
 681 028c E6       		.byte	-26
 682 028d 40       		.byte	64
 683 028e 3E       		.byte	62
 684 028f 10       		.byte	16
ARM GAS  C:\Users\usuario\AppData\Local\Temp\ccMI54Wd.s 			page 13


 685 0290 CE       		.byte	-50
 686 0291 20       		.byte	32
 687 0292 96       		.byte	-106
 688 0293 10       		.byte	16
 689 0294 10       		.byte	16
 690 0295 10       		.byte	16
 691 0296 14       		.byte	20
 692 0297 20       		.byte	32
 693 0298 C4       		.byte	-60
 694 0299 0C       		.byte	12
 695 029a 03       		.byte	3
 696 029b 20       		.byte	32
 697 029c 53       		.byte	83
 698 029d 10       		.byte	16
 699 029e 98       		.byte	-104
 700 029f 30       		.byte	48
 701 02a0 C0       		.byte	-64
 702 02a1 08       		.byte	8
 703 02a2 D4       		.byte	-44
 704 02a3 04       		.byte	4
 705 02a4 98       		.byte	-104
 706 02a5 30       		.byte	48
 707 02a6 A3       		.byte	-93
 708 02a7 20       		.byte	32
 709 02a8 B3       		.byte	-77
 710 02a9 10       		.byte	16
 711 02aa E8       		.byte	-24
 712 02ab 04       		.byte	4
 713 02ac 98       		.byte	-104
 714 02ad 30       		.byte	48
 715 02ae B3       		.byte	-77
 716 02af 20       		.byte	32
 717 02b0 EA       		.byte	-22
 718 02b1 01       		.byte	1
 719 02b2 96       		.byte	-106
 720 02b3 10       		.byte	16
 721 02b4 AA       		.byte	-86
 722 02b5 10       		.byte	16
 723 02b6 EA       		.byte	-22
 724 02b7 80       		.byte	-128
 725 02b8 10       		.byte	16
 726 02b9 40       		.byte	64
 727 02ba 13       		.byte	19
 728 02bb 20       		.byte	32
 729 02bc 14       		.byte	20
 730 02bd 80       		.byte	-128
 731 02be 78       		.byte	120
 732 02bf 10       		.byte	16
 733 02c0 7C       		.byte	124
 734 02c1 20       		.byte	32
 735 02c2 98       		.byte	-104
 736 02c3 30       		.byte	48
 737 02c4 C4       		.byte	-60
 738 02c5 0E       		.byte	14
 739 02c6 DE       		.byte	-34
 740 02c7 03       		.byte	3
 741 02c8 78       		.byte	120
ARM GAS  C:\Users\usuario\AppData\Local\Temp\ccMI54Wd.s 			page 14


 742 02c9 40       		.byte	64
 743 02ca 7C       		.byte	124
 744 02cb 80       		.byte	-128
 745 02cc 98       		.byte	-104
 746 02cd C0       		.byte	-64
 747 02ce AB       		.byte	-85
 748 02cf 20       		.byte	32
 749 02d0 DC       		.byte	-36
 750 02d1 01       		.byte	1
 751 02d2 DE       		.byte	-34
 752 02d3 04       		.byte	4
 753 02d4 00       		.byte	0
 754 02d5 03       		.byte	3
 755 02d6 0C       		.byte	12
 756 02d7 01       		.byte	1
 757 02d8 0E       		.byte	14
 758 02d9 03       		.byte	3
 759 02da 00       		.byte	0
 760 02db 03       		.byte	3
 761 02dc 03       		.byte	3
 762 02dd C0       		.byte	-64
 763 02de 00       		.byte	0
 764 02df 00       		.byte	0
 765 02e0 20       		.byte	32
 766 02e1 30       		.byte	48
 767 02e2 00       		.byte	0
 768 02e3 00       		.byte	0
 769 02e4 30       		.byte	48
 770 02e5 00       		.byte	0
 771 02e6 00       		.byte	0
 772 02e7 00       		.byte	0
 773 02e8 30       		.byte	48
 774 02e9 00       		.byte	0
 775 02ea 00       		.byte	0
 776 02eb 00       		.byte	0
 777 02ec 30       		.byte	48
 778 02ed 00       		.byte	0
 779 02ee 30       		.byte	48
 780 02ef 00       		.byte	0
 781 02f0 00       		.byte	0
 782 02f1 00       		.byte	0
 783 02f2 00       		.byte	0
 784 02f3 00       		.byte	0
 785 02f4 00       		.byte	0
 786 02f5 0B       		.byte	11
 787 02f6 0B       		.byte	11
 788 02f7 00       		.byte	0
 789 02f8 00       		.byte	0
 790 02f9 00       		.byte	0
 791 02fa 00       		.byte	0
 792 02fb 00       		.byte	0
 793 02fc 01       		.byte	1
 794 02fd 00       		.byte	0
 795 02fe 00       		.byte	0
 796 02ff 03       		.byte	3
 797 0300 02       		.byte	2
 798 0301 00       		.byte	0
ARM GAS  C:\Users\usuario\AppData\Local\Temp\ccMI54Wd.s 			page 15


 799 0302 02       		.byte	2
 800 0303 00       		.byte	0
 801 0304 00       		.byte	0
 802 0305 00       		.byte	0
 803 0306 00       		.byte	0
 804 0307 00       		.byte	0
 805              		.section	.cywolatch,"a",%progbits
 806              		.align	2
 807              		.type	cy_meta_wonvl, %object
 808              		.size	cy_meta_wonvl, 4
 809              	cy_meta_wonvl:
 810 0000 BC       		.byte	-68
 811 0001 90       		.byte	-112
 812 0002 AC       		.byte	-84
 813 0003 AF       		.byte	-81
 814              		.section	.cycustnvl,"a",%progbits
 815              		.align	2
 816              		.type	cy_meta_custnvl, %object
 817              		.size	cy_meta_custnvl, 4
 818              	cy_meta_custnvl:
 819 0000 00       		.byte	0
 820 0001 00       		.byte	0
 821 0002 40       		.byte	64
 822 0003 05       		.byte	5
 823              		.section	.cymeta,"a",%progbits
 824              		.align	2
 825              		.type	cy_metadata, %object
 826              		.size	cy_metadata, 12
 827              	cy_metadata:
 828 0000 00       		.byte	0
 829 0001 01       		.byte	1
 830 0002 2E       		.byte	46
 831 0003 16       		.byte	22
 832 0004 10       		.byte	16
 833 0005 69       		.byte	105
 834 0006 00       		.byte	0
 835 0007 01       		.byte	1
 836 0008 00       		.byte	0
 837 0009 00       		.byte	0
 838 000a 00       		.byte	0
 839 000b 00       		.byte	0
 840              		.section	.cyflashprotect,"a",%progbits
 841              		.align	2
 842              		.type	cy_meta_flashprotect, %object
 843              		.size	cy_meta_flashprotect, 256
 844              	cy_meta_flashprotect:
 845 0000 00000000 		.space	256
 845      00000000 
 845      00000000 
 845      00000000 
 845      00000000 
 846              		.text
 847              	.Letext0:
 848              		.file 1 "c:\\program files (x86)\\cypress\\psoc creator\\4.4\\psoc creator\\import\\gnu\\arm\\5.4.
 849              		.file 2 "c:\\program files (x86)\\cypress\\psoc creator\\4.4\\psoc creator\\import\\gnu\\arm\\5.4.
 850              		.file 3 "Generated_Source\\PSoC5\\cymetadata.c"
 851              		.section	.debug_info,"",%progbits
ARM GAS  C:\Users\usuario\AppData\Local\Temp\ccMI54Wd.s 			page 16


 852              	.Ldebug_info0:
 853 0000 31010000 		.4byte	0x131
 854 0004 0400     		.2byte	0x4
 855 0006 00000000 		.4byte	.Ldebug_abbrev0
 856 000a 04       		.byte	0x4
 857 000b 01       		.uleb128 0x1
 858 000c 24000000 		.4byte	.LASF17
 859 0010 0C       		.byte	0xc
 860 0011 C6010000 		.4byte	.LASF18
 861 0015 D7000000 		.4byte	.LASF19
 862 0019 00000000 		.4byte	.Ldebug_line0
 863 001d 02       		.uleb128 0x2
 864 001e 01       		.byte	0x1
 865 001f 06       		.byte	0x6
 866 0020 BA010000 		.4byte	.LASF0
 867 0024 03       		.uleb128 0x3
 868 0025 00000000 		.4byte	.LASF9
 869 0029 01       		.byte	0x1
 870 002a 1D       		.byte	0x1d
 871 002b 2F000000 		.4byte	0x2f
 872 002f 02       		.uleb128 0x2
 873 0030 01       		.byte	0x1
 874 0031 08       		.byte	0x8
 875 0032 16000000 		.4byte	.LASF1
 876 0036 02       		.uleb128 0x2
 877 0037 02       		.byte	0x2
 878 0038 05       		.byte	0x5
 879 0039 A7010000 		.4byte	.LASF2
 880 003d 02       		.uleb128 0x2
 881 003e 02       		.byte	0x2
 882 003f 07       		.byte	0x7
 883 0040 C4000000 		.4byte	.LASF3
 884 0044 02       		.uleb128 0x2
 885 0045 04       		.byte	0x4
 886 0046 05       		.byte	0x5
 887 0047 B1010000 		.4byte	.LASF4
 888 004b 02       		.uleb128 0x2
 889 004c 04       		.byte	0x4
 890 004d 07       		.byte	0x7
 891 004e B2000000 		.4byte	.LASF5
 892 0052 02       		.uleb128 0x2
 893 0053 08       		.byte	0x8
 894 0054 05       		.byte	0x5
 895 0055 99010000 		.4byte	.LASF6
 896 0059 02       		.uleb128 0x2
 897 005a 08       		.byte	0x8
 898 005b 07       		.byte	0x7
 899 005c 4E010000 		.4byte	.LASF7
 900 0060 04       		.uleb128 0x4
 901 0061 04       		.byte	0x4
 902 0062 05       		.byte	0x5
 903 0063 696E7400 		.ascii	"int\000"
 904 0067 02       		.uleb128 0x2
 905 0068 04       		.byte	0x4
 906 0069 07       		.byte	0x7
 907 006a 41010000 		.4byte	.LASF8
 908 006e 03       		.uleb128 0x3
ARM GAS  C:\Users\usuario\AppData\Local\Temp\ccMI54Wd.s 			page 17


 909 006f 65010000 		.4byte	.LASF10
 910 0073 02       		.byte	0x2
 911 0074 18       		.byte	0x18
 912 0075 24000000 		.4byte	0x24
 913 0079 05       		.uleb128 0x5
 914 007a 91000000 		.4byte	0x91
 915 007e 8A000000 		.4byte	0x8a
 916 0082 06       		.uleb128 0x6
 917 0083 8A000000 		.4byte	0x8a
 918 0087 0703     		.2byte	0x307
 919 0089 00       		.byte	0
 920 008a 02       		.uleb128 0x2
 921 008b 04       		.byte	0x4
 922 008c 07       		.byte	0x7
 923 008d 90010000 		.4byte	.LASF11
 924 0091 07       		.uleb128 0x7
 925 0092 6E000000 		.4byte	0x6e
 926 0096 08       		.uleb128 0x8
 927 0097 2F010000 		.4byte	.LASF12
 928 009b 03       		.byte	0x3
 929 009c 1F       		.byte	0x1f
 930 009d A7000000 		.4byte	0xa7
 931 00a1 05       		.uleb128 0x5
 932 00a2 03       		.byte	0x3
 933 00a3 00000000 		.4byte	cy_meta_configecc
 934 00a7 07       		.uleb128 0x7
 935 00a8 79000000 		.4byte	0x79
 936 00ac 05       		.uleb128 0x5
 937 00ad 91000000 		.4byte	0x91
 938 00b1 BC000000 		.4byte	0xbc
 939 00b5 09       		.uleb128 0x9
 940 00b6 8A000000 		.4byte	0x8a
 941 00ba 03       		.byte	0x3
 942 00bb 00       		.byte	0
 943 00bc 08       		.uleb128 0x8
 944 00bd 1F010000 		.4byte	.LASF13
 945 00c1 03       		.byte	0x3
 946 00c2 8D       		.byte	0x8d
 947 00c3 CD000000 		.4byte	0xcd
 948 00c7 05       		.uleb128 0x5
 949 00c8 03       		.byte	0x3
 950 00c9 00000000 		.4byte	cy_meta_custnvl
 951 00cd 07       		.uleb128 0x7
 952 00ce AC000000 		.4byte	0xac
 953 00d2 08       		.uleb128 0x8
 954 00d3 82010000 		.4byte	.LASF14
 955 00d7 03       		.byte	0x3
 956 00d8 9B       		.byte	0x9b
 957 00d9 E3000000 		.4byte	0xe3
 958 00dd 05       		.uleb128 0x5
 959 00de 03       		.byte	0x3
 960 00df 00000000 		.4byte	cy_meta_wonvl
 961 00e3 07       		.uleb128 0x7
 962 00e4 AC000000 		.4byte	0xac
 963 00e8 05       		.uleb128 0x5
 964 00e9 91000000 		.4byte	0x91
 965 00ed F8000000 		.4byte	0xf8
ARM GAS  C:\Users\usuario\AppData\Local\Temp\ccMI54Wd.s 			page 18


 966 00f1 09       		.uleb128 0x9
 967 00f2 8A000000 		.4byte	0x8a
 968 00f6 FF       		.byte	0xff
 969 00f7 00       		.byte	0
 970 00f8 08       		.uleb128 0x8
 971 00f9 6D010000 		.4byte	.LASF15
 972 00fd 03       		.byte	0x3
 973 00fe A9       		.byte	0xa9
 974 00ff 09010000 		.4byte	0x109
 975 0103 05       		.uleb128 0x5
 976 0104 03       		.byte	0x3
 977 0105 00000000 		.4byte	cy_meta_flashprotect
 978 0109 07       		.uleb128 0x7
 979 010a E8000000 		.4byte	0xe8
 980 010e 05       		.uleb128 0x5
 981 010f 91000000 		.4byte	0x91
 982 0113 1E010000 		.4byte	0x11e
 983 0117 09       		.uleb128 0x9
 984 0118 8A000000 		.4byte	0x8a
 985 011c 0B       		.byte	0xb
 986 011d 00       		.byte	0
 987 011e 08       		.uleb128 0x8
 988 011f 0A000000 		.4byte	.LASF16
 989 0123 03       		.byte	0x3
 990 0124 D6       		.byte	0xd6
 991 0125 2F010000 		.4byte	0x12f
 992 0129 05       		.uleb128 0x5
 993 012a 03       		.byte	0x3
 994 012b 00000000 		.4byte	cy_metadata
 995 012f 07       		.uleb128 0x7
 996 0130 0E010000 		.4byte	0x10e
 997 0134 00       		.byte	0
 998              		.section	.debug_abbrev,"",%progbits
 999              	.Ldebug_abbrev0:
 1000 0000 01       		.uleb128 0x1
 1001 0001 11       		.uleb128 0x11
 1002 0002 01       		.byte	0x1
 1003 0003 25       		.uleb128 0x25
 1004 0004 0E       		.uleb128 0xe
 1005 0005 13       		.uleb128 0x13
 1006 0006 0B       		.uleb128 0xb
 1007 0007 03       		.uleb128 0x3
 1008 0008 0E       		.uleb128 0xe
 1009 0009 1B       		.uleb128 0x1b
 1010 000a 0E       		.uleb128 0xe
 1011 000b 10       		.uleb128 0x10
 1012 000c 17       		.uleb128 0x17
 1013 000d 00       		.byte	0
 1014 000e 00       		.byte	0
 1015 000f 02       		.uleb128 0x2
 1016 0010 24       		.uleb128 0x24
 1017 0011 00       		.byte	0
 1018 0012 0B       		.uleb128 0xb
 1019 0013 0B       		.uleb128 0xb
 1020 0014 3E       		.uleb128 0x3e
 1021 0015 0B       		.uleb128 0xb
 1022 0016 03       		.uleb128 0x3
ARM GAS  C:\Users\usuario\AppData\Local\Temp\ccMI54Wd.s 			page 19


 1023 0017 0E       		.uleb128 0xe
 1024 0018 00       		.byte	0
 1025 0019 00       		.byte	0
 1026 001a 03       		.uleb128 0x3
 1027 001b 16       		.uleb128 0x16
 1028 001c 00       		.byte	0
 1029 001d 03       		.uleb128 0x3
 1030 001e 0E       		.uleb128 0xe
 1031 001f 3A       		.uleb128 0x3a
 1032 0020 0B       		.uleb128 0xb
 1033 0021 3B       		.uleb128 0x3b
 1034 0022 0B       		.uleb128 0xb
 1035 0023 49       		.uleb128 0x49
 1036 0024 13       		.uleb128 0x13
 1037 0025 00       		.byte	0
 1038 0026 00       		.byte	0
 1039 0027 04       		.uleb128 0x4
 1040 0028 24       		.uleb128 0x24
 1041 0029 00       		.byte	0
 1042 002a 0B       		.uleb128 0xb
 1043 002b 0B       		.uleb128 0xb
 1044 002c 3E       		.uleb128 0x3e
 1045 002d 0B       		.uleb128 0xb
 1046 002e 03       		.uleb128 0x3
 1047 002f 08       		.uleb128 0x8
 1048 0030 00       		.byte	0
 1049 0031 00       		.byte	0
 1050 0032 05       		.uleb128 0x5
 1051 0033 01       		.uleb128 0x1
 1052 0034 01       		.byte	0x1
 1053 0035 49       		.uleb128 0x49
 1054 0036 13       		.uleb128 0x13
 1055 0037 01       		.uleb128 0x1
 1056 0038 13       		.uleb128 0x13
 1057 0039 00       		.byte	0
 1058 003a 00       		.byte	0
 1059 003b 06       		.uleb128 0x6
 1060 003c 21       		.uleb128 0x21
 1061 003d 00       		.byte	0
 1062 003e 49       		.uleb128 0x49
 1063 003f 13       		.uleb128 0x13
 1064 0040 2F       		.uleb128 0x2f
 1065 0041 05       		.uleb128 0x5
 1066 0042 00       		.byte	0
 1067 0043 00       		.byte	0
 1068 0044 07       		.uleb128 0x7
 1069 0045 26       		.uleb128 0x26
 1070 0046 00       		.byte	0
 1071 0047 49       		.uleb128 0x49
 1072 0048 13       		.uleb128 0x13
 1073 0049 00       		.byte	0
 1074 004a 00       		.byte	0
 1075 004b 08       		.uleb128 0x8
 1076 004c 34       		.uleb128 0x34
 1077 004d 00       		.byte	0
 1078 004e 03       		.uleb128 0x3
 1079 004f 0E       		.uleb128 0xe
ARM GAS  C:\Users\usuario\AppData\Local\Temp\ccMI54Wd.s 			page 20


 1080 0050 3A       		.uleb128 0x3a
 1081 0051 0B       		.uleb128 0xb
 1082 0052 3B       		.uleb128 0x3b
 1083 0053 0B       		.uleb128 0xb
 1084 0054 49       		.uleb128 0x49
 1085 0055 13       		.uleb128 0x13
 1086 0056 3F       		.uleb128 0x3f
 1087 0057 19       		.uleb128 0x19
 1088 0058 02       		.uleb128 0x2
 1089 0059 18       		.uleb128 0x18
 1090 005a 00       		.byte	0
 1091 005b 00       		.byte	0
 1092 005c 09       		.uleb128 0x9
 1093 005d 21       		.uleb128 0x21
 1094 005e 00       		.byte	0
 1095 005f 49       		.uleb128 0x49
 1096 0060 13       		.uleb128 0x13
 1097 0061 2F       		.uleb128 0x2f
 1098 0062 0B       		.uleb128 0xb
 1099 0063 00       		.byte	0
 1100 0064 00       		.byte	0
 1101 0065 00       		.byte	0
 1102              		.section	.debug_aranges,"",%progbits
 1103 0000 14000000 		.4byte	0x14
 1104 0004 0200     		.2byte	0x2
 1105 0006 00000000 		.4byte	.Ldebug_info0
 1106 000a 04       		.byte	0x4
 1107 000b 00       		.byte	0
 1108 000c 0000     		.2byte	0
 1109 000e 0000     		.2byte	0
 1110 0010 00000000 		.4byte	0
 1111 0014 00000000 		.4byte	0
 1112              		.section	.debug_line,"",%progbits
 1113              	.Ldebug_line0:
 1114 0000 3D010000 		.section	.debug_str,"MS",%progbits,1
 1114      02003701 
 1114      00000201 
 1114      FB0E0D00 
 1114      01010101 
 1115              	.LASF9:
 1116 0000 5F5F7569 		.ascii	"__uint8_t\000"
 1116      6E74385F 
 1116      7400
 1117              	.LASF16:
 1118 000a 63795F6D 		.ascii	"cy_metadata\000"
 1118      65746164 
 1118      61746100 
 1119              	.LASF1:
 1120 0016 756E7369 		.ascii	"unsigned char\000"
 1120      676E6564 
 1120      20636861 
 1120      7200
 1121              	.LASF17:
 1122 0024 474E5520 		.ascii	"GNU C11 5.4.1 20160609 (release) [ARM/embedded-5-br"
 1122      43313120 
 1122      352E342E 
 1122      31203230 
ARM GAS  C:\Users\usuario\AppData\Local\Temp\ccMI54Wd.s 			page 21


 1122      31363036 
 1123 0057 616E6368 		.ascii	"anch revision 237715] -mcpu=cortex-m3 -mthumb -g -O"
 1123      20726576 
 1123      6973696F 
 1123      6E203233 
 1123      37373135 
 1124 008a 67202D66 		.ascii	"g -ffunction-sections -ffat-lto-objects\000"
 1124      66756E63 
 1124      74696F6E 
 1124      2D736563 
 1124      74696F6E 
 1125              	.LASF5:
 1126 00b2 6C6F6E67 		.ascii	"long unsigned int\000"
 1126      20756E73 
 1126      69676E65 
 1126      6420696E 
 1126      7400
 1127              	.LASF3:
 1128 00c4 73686F72 		.ascii	"short unsigned int\000"
 1128      7420756E 
 1128      7369676E 
 1128      65642069 
 1128      6E7400
 1129              	.LASF19:
 1130 00d7 433A5C55 		.ascii	"C:\\Users\\usuario\\OneDrive\\Escritorio\\ProyectoB"
 1130      73657273 
 1130      5C757375 
 1130      6172696F 
 1130      5C4F6E65 
 1131 0105 54323032 		.ascii	"T2021\\Bluetooth2021.cydsn\000"
 1131      315C426C 
 1131      7565746F 
 1131      6F746832 
 1131      3032312E 
 1132              	.LASF13:
 1133 011f 63795F6D 		.ascii	"cy_meta_custnvl\000"
 1133      6574615F 
 1133      63757374 
 1133      6E766C00 
 1134              	.LASF12:
 1135 012f 63795F6D 		.ascii	"cy_meta_configecc\000"
 1135      6574615F 
 1135      636F6E66 
 1135      69676563 
 1135      6300
 1136              	.LASF8:
 1137 0141 756E7369 		.ascii	"unsigned int\000"
 1137      676E6564 
 1137      20696E74 
 1137      00
 1138              	.LASF7:
 1139 014e 6C6F6E67 		.ascii	"long long unsigned int\000"
 1139      206C6F6E 
 1139      6720756E 
 1139      7369676E 
 1139      65642069 
 1140              	.LASF10:
ARM GAS  C:\Users\usuario\AppData\Local\Temp\ccMI54Wd.s 			page 22


 1141 0165 75696E74 		.ascii	"uint8_t\000"
 1141      385F7400 
 1142              	.LASF15:
 1143 016d 63795F6D 		.ascii	"cy_meta_flashprotect\000"
 1143      6574615F 
 1143      666C6173 
 1143      6870726F 
 1143      74656374 
 1144              	.LASF14:
 1145 0182 63795F6D 		.ascii	"cy_meta_wonvl\000"
 1145      6574615F 
 1145      776F6E76 
 1145      6C00
 1146              	.LASF11:
 1147 0190 73697A65 		.ascii	"sizetype\000"
 1147      74797065 
 1147      00
 1148              	.LASF6:
 1149 0199 6C6F6E67 		.ascii	"long long int\000"
 1149      206C6F6E 
 1149      6720696E 
 1149      7400
 1150              	.LASF2:
 1151 01a7 73686F72 		.ascii	"short int\000"
 1151      7420696E 
 1151      7400
 1152              	.LASF4:
 1153 01b1 6C6F6E67 		.ascii	"long int\000"
 1153      20696E74 
 1153      00
 1154              	.LASF0:
 1155 01ba 7369676E 		.ascii	"signed char\000"
 1155      65642063 
 1155      68617200 
 1156              	.LASF18:
 1157 01c6 47656E65 		.ascii	"Generated_Source\\PSoC5\\cymetadata.c\000"
 1157      72617465 
 1157      645F536F 
 1157      75726365 
 1157      5C50536F 
 1158              		.ident	"GCC: (GNU Tools for ARM Embedded Processors) 5.4.1 20160609 (release) [ARM/embedded-5-bran
